<?xml version="1.0" encoding="UTF-8"?>
<!-- Generated by org.testng.reporters.JUnitXMLReporter -->
<testsuite ignored="3" hostname="LAPTOP-A4I74VVH" failures="0" tests="1" name="Default test" time="1.45" errors="0" timestamp="2024-05-11T17:04:50 IST">
  <testcase classname="dummy.ExtractEmployeeList" name="matchJson" time="1.41"/>
  <testcase classname="dummy.ExtractEmployeeList" name="extractIds" time="0.0">
    <ignored/>
  </testcase> <!-- extractIds -->
  <testcase classname="dummy.ExtractEmployeeList" name="extractFile" time="0.0">
    <ignored/>
  </testcase> <!-- extractFile -->
  <testcase classname="dummy.ExtractEmployeeList" name="extractList" time="0.0">
    <ignored/>
  </testcase> <!-- extractList -->
</testsuite> <!-- Default test -->
