<?xml version="1.0" encoding="UTF-8"?>
<!-- Generated by org.testng.reporters.JUnitXMLReporter -->
<testsuite ignored="0" hostname="LAPTOP-A4I74VVH" failures="0" tests="6" name="Default test" time="11.732" errors="0" timestamp="2023-08-30T14:19:34 IST">
  <testcase classname="api.test.DDTests" name="testPostUser" time="3.433"/>
  <testcase classname="api.test.DDTests" name="testPostUser" time="1.461"/>
  <testcase classname="api.test.DDTests" name="testPostUser" time="1.261"/>
  <testcase classname="api.test.DDTests" name="testDeleteUserByName" time="1.381"/>
  <testcase classname="api.test.DDTests" name="testDeleteUserByName" time="1.298"/>
  <testcase classname="api.test.DDTests" name="testDeleteUserByName" time="1.331"/>
</testsuite> <!-- Default test -->
