<?xml version="1.0" encoding="UTF-8"?>
<!-- Generated by org.testng.reporters.JUnitXMLReporter -->
<testsuite ignored="0" hostname="LAPTOP-A4I74VVH" failures="0" tests="4" name="Test" time="8.647" errors="0" timestamp="2023-09-06T13:20:33 IST">
  <testcase classname="api.test.UserTests2" name="testPostUser" time="3.751"/>
  <testcase classname="api.test.UserTests2" name="testGetUserByName" time="1.268"/>
  <testcase classname="api.test.UserTests2" name="testUpdateUserByName" time="1.272"/>
  <testcase classname="api.test.UserTests2" name="testDeleteUserByName" time="1.294"/>
</testsuite> <!-- Test -->
