<?xml version="1.0" encoding="UTF-8"?>
<testng-results ignored="0" total="4" passed="4" failed="0" skipped="0">
  <reporter-output>
  </reporter-output>
  <suite started-at="2023-09-06T13:20:24 IST" name="Suite" finished-at="2023-09-06T13:20:33 IST" duration-ms="8647">
    <groups>
    </groups>
    <test started-at="2023-09-06T13:20:24 IST" name="Test" finished-at="2023-09-06T13:20:33 IST" duration-ms="8647">
      <class name="api.test.UserTests2">
        <test-method is-config="true" signature="setupData()[pri:0, instance:api.test.UserTests2@4d154ccd]" started-at="2023-09-06T13:20:25 IST" name="setupData" finished-at="2023-09-06T13:20:25 IST" duration-ms="753" status="PASS">
          <reporter-output>
          </reporter-output>
        </test-method> <!-- setupData -->
        <test-method signature="testPostUser()[pri:1, instance:api.test.UserTests2@4d154ccd]" started-at="2023-09-06T13:20:25 IST" name="testPostUser" finished-at="2023-09-06T13:20:29 IST" duration-ms="3751" status="PASS">
          <reporter-output>
          </reporter-output>
        </test-method> <!-- testPostUser -->
        <test-method signature="testGetUserByName()[pri:2, instance:api.test.UserTests2@4d154ccd]" started-at="2023-09-06T13:20:29 IST" name="testGetUserByName" finished-at="2023-09-06T13:20:30 IST" duration-ms="1268" status="PASS">
          <reporter-output>
          </reporter-output>
        </test-method> <!-- testGetUserByName -->
        <test-method signature="testUpdateUserByName()[pri:3, instance:api.test.UserTests2@4d154ccd]" started-at="2023-09-06T13:20:30 IST" name="testUpdateUserByName" finished-at="2023-09-06T13:20:32 IST" duration-ms="1272" status="PASS">
          <reporter-output>
          </reporter-output>
        </test-method> <!-- testUpdateUserByName -->
        <test-method signature="testDeleteUserByName()[pri:4, instance:api.test.UserTests2@4d154ccd]" started-at="2023-09-06T13:20:32 IST" name="testDeleteUserByName" finished-at="2023-09-06T13:20:33 IST" duration-ms="1294" status="PASS">
          <reporter-output>
          </reporter-output>
        </test-method> <!-- testDeleteUserByName -->
      </class> <!-- api.test.UserTests2 -->
    </test> <!-- Test -->
  </suite> <!-- Suite -->
</testng-results>
