<?xml version="1.0" encoding="UTF-8"?>
<testng-results ignored="0" total="1" passed="1" failed="0" skipped="0">
  <reporter-output>
  </reporter-output>
  <suite started-at="2024-05-14T11:19:38 IST" name="Default suite" finished-at="2024-05-14T11:19:41 IST" duration-ms="2608">
    <groups>
    </groups>
    <test started-at="2024-05-14T11:19:38 IST" name="Default test" finished-at="2024-05-14T11:19:41 IST" duration-ms="2608">
      <class name="api.test.newendpointtest">
        <test-method signature="postRequest()[pri:0, instance:api.test.newendpointtest@4efac082]" started-at="2024-05-14T11:19:38 IST" name="postRequest" finished-at="2024-05-14T11:19:41 IST" duration-ms="2567" status="PASS">
          <reporter-output>
          </reporter-output>
        </test-method> <!-- postRequest -->
      </class> <!-- api.test.newendpointtest -->
    </test> <!-- Default test -->
  </suite> <!-- Default suite -->
</testng-results>
